<?xml version="1.0" encoding="UTF-8"?>
<testsuite name="com.kerro16.InventarioCasaBackend.service.ComidaServiceTest" tests="9" skipped="0" failures="0" errors="0" timestamp="2025-07-01T02:45:55.815Z" hostname="fedora" time="0.302">
  <properties/>
  <testcase name="testBuscarPorIdNoEncontrado()" classname="com.kerro16.InventarioCasaBackend.service.ComidaServiceTest" time="0.257"/>
  <testcase name="testActualizar()" classname="com.kerro16.InventarioCasaBackend.service.ComidaServiceTest" time="0.012"/>
  <testcase name="testEliminarNoEncontrado()" classname="com.kerro16.InventarioCasaBackend.service.ComidaServiceTest" time="0.004"/>
  <testcase name="testBuscarPorId()" classname="com.kerro16.InventarioCasaBackend.service.ComidaServiceTest" time="0.003"/>
  <testcase name="testBuscarPorCategoria()" classname="com.kerro16.InventarioCasaBackend.service.ComidaServiceTest" time="0.003"/>
  <testcase name="testEliminar()" classname="com.kerro16.InventarioCasaBackend.service.ComidaServiceTest" time="0.003"/>
  <testcase name="testListarTodas()" classname="com.kerro16.InventarioCasaBackend.service.ComidaServiceTest" time="0.005"/>
  <testcase name="testBuscarPorNombre()" classname="com.kerro16.InventarioCasaBackend.service.ComidaServiceTest" time="0.003"/>
  <testcase name="testGuardarComida()" classname="com.kerro16.InventarioCasaBackend.service.ComidaServiceTest" time="0.007"/>
  <system-out><![CDATA[Guardando comida: com.kerro16.InventarioCasaBackend.model.Comida@13ae0ffd
]]></system-out>
  <system-err><![CDATA[]]></system-err>
</testsuite>
