<?xml version="1.0" encoding="UTF-8"?>
<testsuite name="com.kerro16.InventarioCasaBackend.comida.ComidaTest" tests="4" skipped="0" failures="0" errors="0" timestamp="2025-07-01T02:45:55.800Z" hostname="fedora" time="0.008">
  <properties/>
  <testcase name="testConstructorConParametros()" classname="com.kerro16.InventarioCasaBackend.comida.ComidaTest" time="0.003"/>
  <testcase name="testConstructorVacio()" classname="com.kerro16.InventarioCasaBackend.comida.ComidaTest" time="0.002"/>
  <testcase name="testSettersAndGetters()" classname="com.kerro16.InventarioCasaBackend.comida.ComidaTest" time="0.001"/>
  <testcase name="testCategoriasEnum()" classname="com.kerro16.InventarioCasaBackend.comida.ComidaTest" time="0.0"/>
  <system-out><![CDATA[]]></system-out>
  <system-err><![CDATA[]]></system-err>
</testsuite>
