<?xml version="1.0" encoding="UTF-8"?>
<testsuite name="com.kerro16.InventarioCasaBackend.comida.ComidaControllerTest" tests="10" skipped="0" failures="0" errors="0" timestamp="2025-07-01T02:45:55.482Z" hostname="fedora" time="0.315">
  <properties/>
  <testcase name="testBuscarPorIdNoEncontrado()" classname="com.kerro16.InventarioCasaBackend.comida.ComidaControllerTest" time="0.095"/>
  <testcase name="testListarComidas()" classname="com.kerro16.InventarioCasaBackend.comida.ComidaControllerTest" time="0.112"/>
  <testcase name="testGuardarComidaError()" classname="com.kerro16.InventarioCasaBackend.comida.ComidaControllerTest" time="0.036"/>
  <testcase name="testBuscarPorId()" classname="com.kerro16.InventarioCasaBackend.comida.ComidaControllerTest" time="0.008"/>
  <testcase name="testActualizarComidaNoEncontrada()" classname="com.kerro16.InventarioCasaBackend.comida.ComidaControllerTest" time="0.01"/>
  <testcase name="testBuscarPorCategoria()" classname="com.kerro16.InventarioCasaBackend.comida.ComidaControllerTest" time="0.01"/>
  <testcase name="testListarComidasVacio()" classname="com.kerro16.InventarioCasaBackend.comida.ComidaControllerTest" time="0.006"/>
  <testcase name="testActualizarComida()" classname="com.kerro16.InventarioCasaBackend.comida.ComidaControllerTest" time="0.006"/>
  <testcase name="testBuscarPorNombre()" classname="com.kerro16.InventarioCasaBackend.comida.ComidaControllerTest" time="0.006"/>
  <testcase name="testGuardarComida()" classname="com.kerro16.InventarioCasaBackend.comida.ComidaControllerTest" time="0.007"/>
  <system-out><![CDATA[
  .   ____          _            __ _ _
 /\\ / ___'_ __ _ _(_)_ __  __ _ \ \ \ \
( ( )\___ | '_ | '_| | '_ \/ _` | \ \ \ \
 \\/  ___)| |_)| | | | | || (_| |  ) ) ) )
  '  |____| .__|_| |_|_| |_\__, | / / / /
 =========|_|==============|___/=/_/_/_/

 :: Spring Boot ::                (v3.5.3)

2025-06-30T20:45:53.861-06:00  INFO 397306 --- [InventarioCasaBackend] [    Test worker] c.k.I.comida.ComidaControllerTest        : Starting ComidaControllerTest using Java 21.0.7 with PID 397306 (started by kerro in /home/kerro/Documents/Proyectos/InventarioCasaBackend)
2025-06-30T20:45:53.861-06:00 DEBUG 397306 --- [InventarioCasaBackend] [    Test worker] c.k.I.comida.ComidaControllerTest        : Running with Spring Boot v3.5.3, Spring v6.2.8
2025-06-30T20:45:53.861-06:00  INFO 397306 --- [InventarioCasaBackend] [    Test worker] c.k.I.comida.ComidaControllerTest        : The following 1 profile is active: "test"
2025-06-30T20:45:53.980-06:00  INFO 397306 --- [InventarioCasaBackend] [    Test worker] .s.d.r.c.RepositoryConfigurationDelegate : Bootstrapping Spring Data JPA repositories in DEFAULT mode.
2025-06-30T20:45:53.984-06:00  INFO 397306 --- [InventarioCasaBackend] [    Test worker] .s.d.r.c.RepositoryConfigurationDelegate : Finished Spring Data repository scanning in 3 ms. Found 1 JPA repository interface.
2025-06-30T20:45:54.623-06:00  INFO 397306 --- [InventarioCasaBackend] [    Test worker] o.s.b.w.embedded.tomcat.TomcatWebServer  : Tomcat initialized with port 0 (http)
2025-06-30T20:45:54.661-06:00  INFO 397306 --- [InventarioCasaBackend] [    Test worker] o.apache.catalina.core.StandardService   : Starting service [Tomcat]
2025-06-30T20:45:54.662-06:00  INFO 397306 --- [InventarioCasaBackend] [    Test worker] o.apache.catalina.core.StandardEngine    : Starting Servlet engine: [Apache Tomcat/10.1.42]
2025-06-30T20:45:54.703-06:00  INFO 397306 --- [InventarioCasaBackend] [    Test worker] o.a.c.c.C.[Tomcat].[localhost].[/]       : Initializing Spring embedded WebApplicationContext
2025-06-30T20:45:54.707-06:00  INFO 397306 --- [InventarioCasaBackend] [    Test worker] w.s.c.ServletWebServerApplicationContext : Root WebApplicationContext: initialization completed in 837 ms
2025-06-30T20:45:54.861-06:00  INFO 397306 --- [InventarioCasaBackend] [    Test worker] o.hibernate.jpa.internal.util.LogHelper  : HHH000204: Processing PersistenceUnitInfo [name: default]
2025-06-30T20:45:54.870-06:00  INFO 397306 --- [InventarioCasaBackend] [    Test worker] o.h.c.internal.RegionFactoryInitiator    : HHH000026: Second-level cache disabled
2025-06-30T20:45:54.889-06:00  INFO 397306 --- [InventarioCasaBackend] [    Test worker] o.s.o.j.p.SpringPersistenceUnitInfo      : No LoadTimeWeaver setup: ignoring JPA class transformer
2025-06-30T20:45:54.891-06:00  INFO 397306 --- [InventarioCasaBackend] [    Test worker] com.zaxxer.hikari.HikariDataSource       : HikariPool-2 - Starting...
2025-06-30T20:45:54.893-06:00  INFO 397306 --- [InventarioCasaBackend] [    Test worker] com.zaxxer.hikari.pool.HikariPool        : HikariPool-2 - Added connection conn10: url=jdbc:h2:mem:testdb user=SA
2025-06-30T20:45:54.894-06:00  INFO 397306 --- [InventarioCasaBackend] [    Test worker] com.zaxxer.hikari.HikariDataSource       : HikariPool-2 - Start completed.
2025-06-30T20:45:54.895-06:00  WARN 397306 --- [InventarioCasaBackend] [    Test worker] org.hibernate.orm.deprecation            : HHH90000025: H2Dialect does not need to be specified explicitly using 'hibernate.dialect' (remove the property setting and it will be selected by default)
2025-06-30T20:45:54.896-06:00  INFO 397306 --- [InventarioCasaBackend] [    Test worker] org.hibernate.orm.connections.pooling    : HHH10001005: Database info:
	Database JDBC URL [Connecting through datasource 'HikariDataSource (HikariPool-2)']
	Database driver: undefined/unknown
	Database version: 2.3.232
	Autocommit mode: undefined/unknown
	Isolation level: undefined/unknown
	Minimum pool size: undefined/unknown
	Maximum pool size: undefined/unknown
2025-06-30T20:45:54.941-06:00  INFO 397306 --- [InventarioCasaBackend] [    Test worker] o.h.e.t.j.p.i.JtaPlatformInitiator       : HHH000489: No JTA platform available (set 'hibernate.transaction.jta.platform' to enable JTA platform integration)
2025-06-30T20:45:54.942-06:00 DEBUG 397306 --- [InventarioCasaBackend] [    Test worker] org.hibernate.SQL                        : 
    drop table if exists comida cascade 
Hibernate: 
    drop table if exists comida cascade 
2025-06-30T20:45:54.946-06:00 DEBUG 397306 --- [InventarioCasaBackend] [    Test worker] org.hibernate.SQL                        : 
    create table comida (
        cantidad integer,
        id bigint generated by default as identity,
        fecha_caducidad varchar(255),
        nombre varchar(255),
        ubicacion varchar(255),
        categoria enum ('BEBIDAS','CARNES','CEREALES','CONGELADOS','FRUTAS','LACTEOS','OTROS','SNACKS','VERDURAS'),
        primary key (id)
    )
Hibernate: 
    create table comida (
        cantidad integer,
        id bigint generated by default as identity,
        fecha_caducidad varchar(255),
        nombre varchar(255),
        ubicacion varchar(255),
        categoria enum ('BEBIDAS','CARNES','CEREALES','CONGELADOS','FRUTAS','LACTEOS','OTROS','SNACKS','VERDURAS'),
        primary key (id)
    )
2025-06-30T20:45:54.948-06:00  INFO 397306 --- [InventarioCasaBackend] [    Test worker] j.LocalContainerEntityManagerFactoryBean : Initialized JPA EntityManagerFactory for persistence unit 'default'
2025-06-30T20:45:55.024-06:00  WARN 397306 --- [InventarioCasaBackend] [    Test worker] JpaBaseConfiguration$JpaWebConfiguration : spring.jpa.open-in-view is enabled by default. Therefore, database queries may be performed during view rendering. Explicitly configure spring.jpa.open-in-view to disable this warning
2025-06-30T20:45:55.214-06:00  INFO 397306 --- [InventarioCasaBackend] [    Test worker] o.a.c.c.C.[Tomcat].[localhost].[/]       : Initializing Spring TestDispatcherServlet ''
2025-06-30T20:45:55.223-06:00  INFO 397306 --- [InventarioCasaBackend] [    Test worker] o.s.t.web.servlet.TestDispatcherServlet  : Initializing Servlet ''
2025-06-30T20:45:55.226-06:00  INFO 397306 --- [InventarioCasaBackend] [    Test worker] o.s.t.web.servlet.TestDispatcherServlet  : Completed initialization in 2 ms
2025-06-30T20:45:55.467-06:00  INFO 397306 --- [InventarioCasaBackend] [    Test worker] o.s.b.w.embedded.tomcat.TomcatWebServer  : Tomcat started on port 43521 (http) with context path '/'
2025-06-30T20:45:55.475-06:00  INFO 397306 --- [InventarioCasaBackend] [    Test worker] c.k.I.comida.ComidaControllerTest        : Started ComidaControllerTest in 1.667 seconds (process running for 7.459)
Comidas: [ComidaDTO{id=1, nombre='Pizza', categoria='OTROS', cantidad=2, fechaCaducidad='2024-12-31', ubicacion='Nevera'}]
Comidas: []
]]></system-out>
  <system-err><![CDATA[]]></system-err>
</testsuite>
