<?xml version="1.0" encoding="UTF-8"?>
<testsuite name="com.kerro16.InventarioCasaBackend.comida.ComidaServiceTest" tests="9" skipped="0" failures="0" errors="0" timestamp="2025-07-02T21:43:12.607Z" hostname="fedora" time="0.318">
  <properties/>
  <testcase name="testBuscarPorIdNoEncontrado()" classname="com.kerro16.InventarioCasaBackend.comida.ComidaServiceTest" time="0.267"/>
  <testcase name="testActualizar()" classname="com.kerro16.InventarioCasaBackend.comida.ComidaServiceTest" time="0.015"/>
  <testcase name="testEliminarNoEncontrado()" classname="com.kerro16.InventarioCasaBackend.comida.ComidaServiceTest" time="0.002"/>
  <testcase name="testBuscarPorId()" classname="com.kerro16.InventarioCasaBackend.comida.ComidaServiceTest" time="0.001"/>
  <testcase name="testBuscarPorCategoria()" classname="com.kerro16.InventarioCasaBackend.comida.ComidaServiceTest" time="0.004"/>
  <testcase name="testEliminar()" classname="com.kerro16.InventarioCasaBackend.comida.ComidaServiceTest" time="0.003"/>
  <testcase name="testListarTodas()" classname="com.kerro16.InventarioCasaBackend.comida.ComidaServiceTest" time="0.003"/>
  <testcase name="testBuscarPorNombre()" classname="com.kerro16.InventarioCasaBackend.comida.ComidaServiceTest" time="0.006"/>
  <testcase name="testGuardarComida()" classname="com.kerro16.InventarioCasaBackend.comida.ComidaServiceTest" time="0.007"/>
  <system-out><![CDATA[Guardando comida: com.kerro16.InventarioCasaBackend.model.Comida@797bbeae
]]></system-out>
  <system-err><![CDATA[]]></system-err>
</testsuite>
